# JRE version: Java(TM) SE Runtime Environment (26.0.2+10) (build 26.0.2+10-55)
# Java VM: Java HotSpot(TM) 64-Bit Server VM (26.0.2+10-55, mixed mode, sharing, tiered, compressed oops, compressed class ptrs, parallel gc, windows-amd64)
GC Precious Log:
 CardTable entry size: 512
 CPUs: 8 total, 8 available
 Memory: 15647M
 Large Page Support: Disabled
 NUMA Support: Disabled
 Compressed Oops: Enabled (32-bit)
 Alignments: Space 512K, Heap 2M
 Heap Min Capacity: 100M
 Heap Initial Capacity: 100M
 Heap Max Capacity: 2G
 Pre-touch: Disabled
 Parallel Workers: 8
Heap:
 PSYoungGen      total 128512K, used 58488K [0x00000000d5580000, 0x00000000e1e00000, 0x0000000100000000)
  eden space 51712K, 100% used [0x00000000deb80000,0x00000000e1e00000,0x00000000e1e00000)
  from space 76800K, 8% used [0x00000000da080000,0x00000000da71e380,0x00000000deb80000)
  to   space 76800K, 34% used [0x00000000d5580000,0x00000000d6fb8170,0x00000000da080000)
 ParOldGen       total 206336K, used 206334K [0x0000000080000000, 0x000000008c980000, 0x00000000d5580000)
  object space 206336K, 99% used [0x0000000080000000,0x000000008c97fb40,0x000000008c980000)
GC Heap Usage History (20 events):
Event: 49.113 {heap Before GC invocations=32 (full 3):
 PSYoungGen      total 118272K, used 118265K [0x00000000d5580000, 0x00000000e0a80000, 0x0000000100000000)
  eden space 51200K, 100% used [0x00000000dd880000,0x00000000e0a80000,0x00000000e0a80000)
  from space 67072K, 99% used [0x00000000d9700000,0x00000000dd87e4a8,0x00000000dd880000)
  to   space 67072K, 0% used [0x00000000d5580000,0x00000000d5580000,0x00000000d9700000)
 ParOldGen       total 121344K, used 120932K [0x0000000080000000, 0x0000000087680000, 0x00000000d5580000)
  object space 121344K, 99% used [0x0000000080000000,0x0000000087619048,0x0000000087680000)
}
Event: 49.152 {heap After GC invocations=32 (full 3):
 PSYoungGen      total 131584K, used 67067K [0x00000000d5580000, 0x00000000e2480000, 0x0000000100000000)
  eden space 51200K, 0% used [0x00000000df280000,0x00000000df280000,0x00000000e2480000)
  from space 80384K, 83% used [0x00000000d5580000,0x00000000d96fef00,0x00000000da400000)
  to   space 80384K, 0% used [0x00000000da400000,0x00000000da400000,0x00000000df280000)
 ParOldGen       total 132096K, used 131711K [0x0000000080000000, 0x0000000088100000, 0x00000000d5580000)
  object space 132096K, 99% used [0x0000000080000000,0x000000008809fd18,0x0000000088100000)
}
Event: 49.632 {heap Before GC invocations=33 (full 3):
 PSYoungGen      total 131584K, used 118267K [0x00000000d5580000, 0x00000000e2480000, 0x0000000100000000)
  eden space 51200K, 100% used [0x00000000df280000,0x00000000e2480000,0x00000000e2480000)
  from space 80384K, 83% used [0x00000000d5580000,0x00000000d96fef00,0x00000000da400000)
  to   space 80384K, 0% used [0x00000000da400000,0x00000000da400000,0x00000000df280000)
 ParOldGen       total 132096K, used 131711K [0x0000000080000000, 0x0000000088100000, 0x00000000d5580000)
  object space 132096K, 99% used [0x0000000080000000,0x000000008809fd18,0x0000000088100000)
}
Event: 49.668 {heap After GC invocations=33 (full 3):
 PSYoungGen      total 131584K, used 69269K [0x00000000d5580000, 0x00000000e2480000, 0x0000000100000000)
  eden space 51200K, 0% used [0x00000000df280000,0x00000000df280000,0x00000000e2480000)
  from space 80384K, 86% used [0x00000000da400000,0x00000000de7a5740,0x00000000df280000)
  to   space 80384K, 0% used [0x00000000d5580000,0x00000000d5580000,0x00000000da400000)
 ParOldGen       total 140800K, used 140405K [0x0000000080000000, 0x0000000088980000, 0x00000000d5580000)
  object space 140800K, 99% used [0x0000000080000000,0x000000008891d4a8,0x0000000088980000)
}
Event: 50.120 {heap Before GC invocations=34 (full 3):
 PSYoungGen      total 131584K, used 120469K [0x00000000d5580000, 0x00000000e2480000, 0x0000000100000000)
  eden space 51200K, 100% used [0x00000000df280000,0x00000000e2480000,0x00000000e2480000)
  from space 80384K, 86% used [0x00000000da400000,0x00000000de7a5740,0x00000000df280000)
  to   space 80384K, 0% used [0x00000000d5580000,0x00000000d5580000,0x00000000da400000)
 ParOldGen       total 140800K, used 140405K [0x0000000080000000, 0x0000000088980000, 0x00000000d5580000)
  object space 140800K, 99% used [0x0000000080000000,0x000000008891d4a8,0x0000000088980000)
}
Event: 50.167 {heap After GC invocations=34 (full 3):
 PSYoungGen      total 130048K, used 71109K [0x00000000d5580000, 0x00000000e2180000, 0x0000000100000000)
  eden space 51200K, 0% used [0x00000000def80000,0x00000000def80000,0x00000000e2180000)
  from space 78848K, 90% used [0x00000000d5580000,0x00000000d9af16e8,0x00000000da280000)
  to   space 78848K, 0% used [0x00000000da280000,0x00000000da280000,0x00000000def80000)
 ParOldGen       total 148992K, used 148823K [0x0000000080000000, 0x0000000089180000, 0x00000000d5580000)
  object space 148992K, 99% used [0x0000000080000000,0x0000000089155ff8,0x0000000089180000)
}
Event: 50.519 {heap Before GC invocations=35 (full 3):
 PSYoungGen      total 130048K, used 122309K [0x00000000d5580000, 0x00000000e2180000, 0x0000000100000000)
  eden space 51200K, 100% used [0x00000000def80000,0x00000000e2180000,0x00000000e2180000)
  from space 78848K, 90% used [0x00000000d5580000,0x00000000d9af16e8,0x00000000da280000)
  to   space 78848K, 0% used [0x00000000da280000,0x00000000da280000,0x00000000def80000)
 ParOldGen       total 148992K, used 148823K [0x0000000080000000, 0x0000000089180000, 0x00000000d5580000)
  object space 148992K, 99% used [0x0000000080000000,0x0000000089155ff8,0x0000000089180000)
}
Event: 50.554 {heap After GC invocations=35 (full 3):
 PSYoungGen      total 130048K, used 72418K [0x00000000d5580000, 0x00000000e2180000, 0x0000000100000000)
  eden space 51200K, 0% used [0x00000000def80000,0x00000000def80000,0x00000000e2180000)
  from space 78848K, 91% used [0x00000000da280000,0x00000000de9389c0,0x00000000def80000)
  to   space 78848K, 0% used [0x00000000d5580000,0x00000000d5580000,0x00000000da280000)
 ParOldGen       total 157696K, used 157658K [0x0000000080000000, 0x0000000089a00000, 0x00000000d5580000)
  object space 157696K, 99% used [0x0000000080000000,0x00000000899f6930,0x0000000089a00000)
}
Event: 50.914 {heap Before GC invocations=36 (full 3):
 PSYoungGen      total 130048K, used 123618K [0x00000000d5580000, 0x00000000e2180000, 0x0000000100000000)
  eden space 51200K, 100% used [0x00000000def80000,0x00000000e2180000,0x00000000e2180000)
  from space 78848K, 91% used [0x00000000da280000,0x00000000de9389c0,0x00000000def80000)
  to   space 78848K, 0% used [0x00000000d5580000,0x00000000d5580000,0x00000000da280000)
 ParOldGen       total 157696K, used 157658K [0x0000000080000000, 0x0000000089a00000, 0x00000000d5580000)
  object space 157696K, 99% used [0x0000000080000000,0x00000000899f6930,0x0000000089a00000)
}
Event: 50.943 {heap After GC invocations=36 (full 3):
 PSYoungGen      total 129024K, used 72674K [0x00000000d5580000, 0x00000000e1f80000, 0x0000000100000000)
  eden space 51200K, 0% used [0x00000000ded80000,0x00000000ded80000,0x00000000e1f80000)
  from space 77824K, 93% used [0x00000000d5580000,0x00000000d9c78860,0x00000000da180000)
  to   space 77824K, 0% used [0x00000000da180000,0x00000000da180000,0x00000000ded80000)
 ParOldGen       total 167424K, used 166919K [0x0000000080000000, 0x000000008a380000, 0x00000000d5580000)
  object space 167424K, 99% used [0x0000000080000000,0x000000008a301d20,0x000000008a380000)
}
Event: 51.241 {heap Before GC invocations=37 (full 3):
 PSYoungGen      total 129024K, used 123874K [0x00000000d5580000, 0x00000000e1f80000, 0x0000000100000000)
  eden space 51200K, 100% used [0x00000000ded80000,0x00000000e1f80000,0x00000000e1f80000)
  from space 77824K, 93% used [0x00000000d5580000,0x00000000d9c78860,0x00000000da180000)
  to   space 77824K, 0% used [0x00000000da180000,0x00000000da180000,0x00000000ded80000)
 ParOldGen       total 167424K, used 166919K [0x0000000080000000, 0x000000008a380000, 0x00000000d5580000)
  object space 167424K, 99% used [0x0000000080000000,0x000000008a301d20,0x000000008a380000)
}
Event: 51.283 {heap After GC invocations=37 (full 3):
 PSYoungGen      total 129024K, used 73114K [0x00000000d5580000, 0x00000000e1f80000, 0x0000000100000000)
  eden space 51200K, 0% used [0x00000000ded80000,0x00000000ded80000,0x00000000e1f80000)
  from space 77824K, 93% used [0x00000000da180000,0x00000000de8e6a18,0x00000000ded80000)
  to   space 77824K, 0% used [0x00000000d5580000,0x00000000d5580000,0x00000000da180000)
 ParOldGen       total 176640K, used 176164K [0x0000000080000000, 0x000000008ac80000, 0x00000000d5580000)
  object space 176640K, 99% used [0x0000000080000000,0x000000008ac091e0,0x000000008ac80000)
}
Event: 51.734 {heap Before GC invocations=38 (full 3):
 PSYoungGen      total 129024K, used 124314K [0x00000000d5580000, 0x00000000e1f80000, 0x0000000100000000)
  eden space 51200K, 100% used [0x00000000ded80000,0x00000000e1f80000,0x00000000e1f80000)
  from space 77824K, 93% used [0x00000000da180000,0x00000000de8e6a18,0x00000000ded80000)
  to   space 77824K, 0% used [0x00000000d5580000,0x00000000d5580000,0x00000000da180000)
 ParOldGen       total 176640K, used 176164K [0x0000000080000000, 0x000000008ac80000, 0x00000000d5580000)
  object space 176640K, 99% used [0x0000000080000000,0x000000008ac091e0,0x000000008ac80000)
}
Event: 51.773 {heap After GC invocations=38 (full 3):
 PSYoungGen      total 128000K, used 70779K [0x00000000d5580000, 0x00000000e1d80000, 0x0000000100000000)
  eden space 51200K, 0% used [0x00000000deb80000,0x00000000deb80000,0x00000000e1d80000)
  from space 76800K, 92% used [0x00000000d5580000,0x00000000d9a9efc0,0x00000000da080000)
  to   space 76800K, 0% used [0x00000000da080000,0x00000000da080000,0x00000000deb80000)
 ParOldGen       total 188928K, used 188584K [0x0000000080000000, 0x000000008b880000, 0x00000000d5580000)
  object space 188928K, 99% used [0x0000000080000000,0x000000008b82a260,0x000000008b880000)
}
Event: 52.163 {heap Before GC invocations=39 (full 3):
 PSYoungGen      total 128000K, used 121979K [0x00000000d5580000, 0x00000000e1d80000, 0x0000000100000000)
  eden space 51200K, 100% used [0x00000000deb80000,0x00000000e1d80000,0x00000000e1d80000)
  from space 76800K, 92% used [0x00000000d5580000,0x00000000d9a9efc0,0x00000000da080000)
  to   space 76800K, 0% used [0x00000000da080000,0x00000000da080000,0x00000000deb80000)
 ParOldGen       total 188928K, used 188584K [0x0000000080000000, 0x000000008b880000, 0x00000000d5580000)
  object space 188928K, 99% used [0x0000000080000000,0x000000008b82a260,0x000000008b880000)
}
Event: 52.198 {heap After GC invocations=39 (full 3):
 PSYoungGen      total 128000K, used 71708K [0x00000000d5580000, 0x00000000e1d80000, 0x0000000100000000)
  eden space 51200K, 0% used [0x00000000deb80000,0x00000000deb80000,0x00000000e1d80000)
  from space 76800K, 93% used [0x00000000da080000,0x00000000de687268,0x00000000deb80000)
  to   space 76800K, 0% used [0x00000000d5580000,0x00000000d5580000,0x00000000da080000)
 ParOldGen       total 198144K, used 197834K [0x0000000080000000, 0x000000008c180000, 0x00000000d5580000)
  object space 198144K, 99% used [0x0000000080000000,0x000000008c132a78,0x000000008c180000)
}
Event: 52.613 {heap Before GC invocations=40 (full 3):
 PSYoungGen      total 128000K, used 122908K [0x00000000d5580000, 0x00000000e1d80000, 0x0000000100000000)
  eden space 51200K, 100% used [0x00000000deb80000,0x00000000e1d80000,0x00000000e1d80000)
  from space 76800K, 93% used [0x00000000da080000,0x00000000de687268,0x00000000deb80000)
  to   space 76800K, 0% used [0x00000000d5580000,0x00000000d5580000,0x00000000da080000)
 ParOldGen       total 198144K, used 197834K [0x0000000080000000, 0x000000008c180000, 0x00000000d5580000)
  object space 198144K, 99% used [0x0000000080000000,0x000000008c132a78,0x000000008c180000)
}
Event: 52.756 {heap After GC invocations=40 (full 3):
 PSYoungGen      total 128000K, used 122908K [0x00000000d5580000, 0x00000000e1d80000, 0x0000000100000000)
  eden space 51200K, 100% used [0x00000000deb80000,0x00000000e1d80000,0x00000000e1d80000)
  from space 76800K, 93% used [0x00000000da080000,0x00000000de687268,0x00000000deb80000)
  to   space 76800K, 92% used [0x00000000d5580000,0x00000000d9b23dd8,0x00000000da080000)
 ParOldGen       total 206336K, used 205866K [0x0000000080000000, 0x000000008c980000, 0x00000000d5580000)
  object space 206336K, 99% used [0x0000000080000000,0x000000008c90a9f8,0x000000008c980000)
}
Event: 52.756 {heap Before GC invocations=41 (full 4):
 PSYoungGen      total 128000K, used 122908K [0x00000000d5580000, 0x00000000e1d80000, 0x0000000100000000)
  eden space 51200K, 100% used [0x00000000deb80000,0x00000000e1d80000,0x00000000e1d80000)
  from space 76800K, 93% used [0x00000000da080000,0x00000000de687268,0x00000000deb80000)
  to   space 76800K, 92% used [0x00000000d5580000,0x00000000d9b23dd8,0x00000000da080000)
 ParOldGen       total 206336K, used 205866K [0x0000000080000000, 0x000000008c980000, 0x00000000d5580000)
  object space 206336K, 99% used [0x0000000080000000,0x000000008c90a9f8,0x000000008c980000)
}
Event: 53.002 {heap After GC invocations=41 (full 4):
 PSYoungGen      total 128000K, used 0K [0x00000000d5580000, 0x00000000e1d80000, 0x0000000100000000)
  eden space 51200K, 0% used [0x00000000deb80000,0x00000000deb80000,0x00000000e1d80000)
  from space 76800K, 0% used [0x00000000da080000,0x00000000da080000,0x00000000deb80000)
  to   space 76800K, 79% used [0x00000000d5580000,0x00000000d91526d0,0x00000000da080000)
 ParOldGen       total 206336K, used 206334K [0x0000000080000000, 0x000000008c980000, 0x00000000d5580000)
  object space 206336K, 99% used [0x0000000080000000,0x000000008c97f9f0,0x000000008c980000)
}

