# JRE version: Java(TM) SE Runtime Environment (26.0.2+10) (build 26.0.2+10-55)
# Java VM: Java HotSpot(TM) 64-Bit Server VM (26.0.2+10-55, mixed mode, sharing, tiered, compressed oops, compressed class ptrs, parallel gc, windows-amd64)
GC Precious Log:
 CardTable entry size: 512
 CPUs: 8 total, 8 available
 Memory: 15647M
 Large Page Support: Disabled
 NUMA Support: Disabled
 Compressed Oops: Enabled (32-bit)
 Alignments: Space 512K, Heap 2M
 Heap Min Capacity: 100M
 Heap Initial Capacity: 100M
 Heap Max Capacity: 2G
 Pre-touch: Disabled
 Parallel Workers: 8
Heap:
 PSYoungGen      total 68096K, used 47410K [0x00000000d5580000, 0x00000000da880000, 0x0000000100000000)
  eden space 51200K, 71% used [0x00000000d7680000,0x00000000d9a67888,0x00000000da880000)
  from space 16896K, 62% used [0x00000000d6600000,0x00000000d70651a8,0x00000000d7680000)
  to   space 16896K, 0% used [0x00000000d5580000,0x00000000d5580000,0x00000000d6600000)
 ParOldGen       total 68608K, used 42384K [0x0000000080000000, 0x0000000084300000, 0x00000000d5580000)
  object space 68608K, 61% used [0x0000000080000000,0x0000000082964100,0x0000000084300000)
GC Heap Usage History (20 events):
Event: 8.057 {heap Before GC invocations=8 (full 2):
 PSYoungGen      total 59904K, used 27014K [0x00000000d5580000, 0x00000000d9880000, 0x0000000100000000)
  eden space 51200K, 40% used [0x00000000d6680000,0x00000000d7ab2238,0x00000000d9880000)
  from space 8704K, 72% used [0x00000000d5e00000,0x00000000d642f898,0x00000000d6680000)
  to   space 8704K, 0% used [0x00000000d5580000,0x00000000d5580000,0x00000000d5e00000)
 ParOldGen       total 68608K, used 14197K [0x0000000080000000, 0x0000000084300000, 0x00000000d5580000)
  object space 68608K, 20% used [0x0000000080000000,0x0000000080ddd710,0x0000000084300000)
}
Event: 8.088 {heap After GC invocations=8 (full 2):
 PSYoungGen      total 59904K, used 0K [0x00000000d5580000, 0x00000000d9880000, 0x0000000100000000)
  eden space 51200K, 0% used [0x00000000d6680000,0x00000000d6680000,0x00000000d9880000)
  from space 8704K, 0% used [0x00000000d5e00000,0x00000000d5e00000,0x00000000d6680000)
  to   space 8704K, 0% used [0x00000000d5580000,0x00000000d5580000,0x00000000d5e00000)
 ParOldGen       total 68608K, used 20826K [0x0000000080000000, 0x0000000084300000, 0x00000000d5580000)
  object space 68608K, 30% used [0x0000000080000000,0x0000000081456bb8,0x0000000084300000)
}
Event: 8.849 {heap Before GC invocations=9 (full 2):
 PSYoungGen      total 59904K, used 51200K [0x00000000d5580000, 0x00000000d9880000, 0x0000000100000000)
  eden space 51200K, 100% used [0x00000000d6680000,0x00000000d9880000,0x00000000d9880000)
  from space 8704K, 0% used [0x00000000d5e00000,0x00000000d5e00000,0x00000000d6680000)
  to   space 8704K, 0% used [0x00000000d5580000,0x00000000d5580000,0x00000000d5e00000)
 ParOldGen       total 68608K, used 20826K [0x0000000080000000, 0x0000000084300000, 0x00000000d5580000)
  object space 68608K, 30% used [0x0000000080000000,0x0000000081456bb8,0x0000000084300000)
}
Event: 8.852 {heap After GC invocations=9 (full 2):
 PSYoungGen      total 59904K, used 2176K [0x00000000d5580000, 0x00000000d9880000, 0x0000000100000000)
  eden space 51200K, 0% used [0x00000000d6680000,0x00000000d6680000,0x00000000d9880000)
  from space 8704K, 25% used [0x00000000d5580000,0x00000000d57a0000,0x00000000d5e00000)
  to   space 8704K, 0% used [0x00000000d5e00000,0x00000000d5e00000,0x00000000d6680000)
 ParOldGen       total 68608K, used 20834K [0x0000000080000000, 0x0000000084300000, 0x00000000d5580000)
  object space 68608K, 30% used [0x0000000080000000,0x0000000081458bb8,0x0000000084300000)
}
Event: 10.075 {heap Before GC invocations=10 (full 2):
 PSYoungGen      total 59904K, used 53376K [0x00000000d5580000, 0x00000000d9880000, 0x0000000100000000)
  eden space 51200K, 100% used [0x00000000d6680000,0x00000000d9880000,0x00000000d9880000)
  from space 8704K, 25% used [0x00000000d5580000,0x00000000d57a0000,0x00000000d5e00000)
  to   space 8704K, 0% used [0x00000000d5e00000,0x00000000d5e00000,0x00000000d6680000)
 ParOldGen       total 68608K, used 20834K [0x0000000080000000, 0x0000000084300000, 0x00000000d5580000)
  object space 68608K, 30% used [0x0000000080000000,0x0000000081458bb8,0x0000000084300000)
}
Event: 10.080 {heap After GC invocations=10 (full 2):
 PSYoungGen      total 59904K, used 4660K [0x00000000d5580000, 0x00000000d9880000, 0x0000000100000000)
  eden space 51200K, 0% used [0x00000000d6680000,0x00000000d6680000,0x00000000d9880000)
  from space 8704K, 53% used [0x00000000d5e00000,0x00000000d628d120,0x00000000d6680000)
  to   space 8704K, 0% used [0x00000000d5580000,0x00000000d5580000,0x00000000d5e00000)
 ParOldGen       total 68608K, used 20842K [0x0000000080000000, 0x0000000084300000, 0x00000000d5580000)
  object space 68608K, 30% used [0x0000000080000000,0x000000008145abb8,0x0000000084300000)
}
Event: 10.840 {heap Before GC invocations=11 (full 2):
 PSYoungGen      total 59904K, used 55860K [0x00000000d5580000, 0x00000000d9880000, 0x0000000100000000)
  eden space 51200K, 100% used [0x00000000d6680000,0x00000000d9880000,0x00000000d9880000)
  from space 8704K, 53% used [0x00000000d5e00000,0x00000000d628d120,0x00000000d6680000)
  to   space 8704K, 0% used [0x00000000d5580000,0x00000000d5580000,0x00000000d5e00000)
 ParOldGen       total 68608K, used 20842K [0x0000000080000000, 0x0000000084300000, 0x00000000d5580000)
  object space 68608K, 30% used [0x0000000080000000,0x000000008145abb8,0x0000000084300000)
}
Event: 10.845 {heap After GC invocations=11 (full 2):
 PSYoungGen      total 59904K, used 5768K [0x00000000d5580000, 0x00000000d9880000, 0x0000000100000000)
  eden space 51200K, 0% used [0x00000000d6680000,0x00000000d6680000,0x00000000d9880000)
  from space 8704K, 66% used [0x00000000d5580000,0x00000000d5b22318,0x00000000d5e00000)
  to   space 8704K, 0% used [0x00000000d5e00000,0x00000000d5e00000,0x00000000d6680000)
 ParOldGen       total 68608K, used 20850K [0x0000000080000000, 0x0000000084300000, 0x00000000d5580000)
  object space 68608K, 30% used [0x0000000080000000,0x000000008145cbb8,0x0000000084300000)
}
Event: 11.055 {heap Before GC invocations=12 (full 2):
 PSYoungGen      total 59904K, used 56968K [0x00000000d5580000, 0x00000000d9880000, 0x0000000100000000)
  eden space 51200K, 100% used [0x00000000d6680000,0x00000000d9880000,0x00000000d9880000)
  from space 8704K, 66% used [0x00000000d5580000,0x00000000d5b22318,0x00000000d5e00000)
  to   space 8704K, 0% used [0x00000000d5e00000,0x00000000d5e00000,0x00000000d6680000)
 ParOldGen       total 68608K, used 20850K [0x0000000080000000, 0x0000000084300000, 0x00000000d5580000)
  object space 68608K, 30% used [0x0000000080000000,0x000000008145cbb8,0x0000000084300000)
}
Event: 11.062 {heap After GC invocations=12 (full 2):
 PSYoungGen      total 59904K, used 7803K [0x00000000d5580000, 0x00000000d9880000, 0x0000000100000000)
  eden space 51200K, 0% used [0x00000000d6680000,0x00000000d6680000,0x00000000d9880000)
  from space 8704K, 89% used [0x00000000d5e00000,0x00000000d659eed8,0x00000000d6680000)
  to   space 8704K, 0% used [0x00000000d5580000,0x00000000d5580000,0x00000000d5e00000)
 ParOldGen       total 68608K, used 20858K [0x0000000080000000, 0x0000000084300000, 0x00000000d5580000)
  object space 68608K, 30% used [0x0000000080000000,0x000000008145ebb8,0x0000000084300000)
}
Event: 11.426 {heap Before GC invocations=13 (full 2):
 PSYoungGen      total 59904K, used 59003K [0x00000000d5580000, 0x00000000d9880000, 0x0000000100000000)
  eden space 51200K, 100% used [0x00000000d6680000,0x00000000d9880000,0x00000000d9880000)
  from space 8704K, 89% used [0x00000000d5e00000,0x00000000d659eed8,0x00000000d6680000)
  to   space 8704K, 0% used [0x00000000d5580000,0x00000000d5580000,0x00000000d5e00000)
 ParOldGen       total 68608K, used 20858K [0x0000000080000000, 0x0000000084300000, 0x00000000d5580000)
  object space 68608K, 30% used [0x0000000080000000,0x000000008145ebb8,0x0000000084300000)
}
Event: 11.436 {heap After GC invocations=13 (full 2):
 PSYoungGen      total 67584K, used 8687K [0x00000000d5580000, 0x00000000da780000, 0x0000000100000000)
  eden space 51200K, 0% used [0x00000000d7580000,0x00000000d7580000,0x00000000da780000)
  from space 16384K, 53% used [0x00000000d5580000,0x00000000d5dfbed8,0x00000000d6580000)
  to   space 16384K, 0% used [0x00000000d6580000,0x00000000d6580000,0x00000000d7580000)
 ParOldGen       total 68608K, used 26946K [0x0000000080000000, 0x0000000084300000, 0x00000000d5580000)
  object space 68608K, 39% used [0x0000000080000000,0x0000000081a50bc8,0x0000000084300000)
}
Event: 12.185 {heap Before GC invocations=14 (full 2):
 PSYoungGen      total 67584K, used 59887K [0x00000000d5580000, 0x00000000da780000, 0x0000000100000000)
  eden space 51200K, 100% used [0x00000000d7580000,0x00000000da780000,0x00000000da780000)
  from space 16384K, 53% used [0x00000000d5580000,0x00000000d5dfbed8,0x00000000d6580000)
  to   space 16384K, 0% used [0x00000000d6580000,0x00000000d6580000,0x00000000d7580000)
 ParOldGen       total 68608K, used 26946K [0x0000000080000000, 0x0000000084300000, 0x00000000d5580000)
  object space 68608K, 39% used [0x0000000080000000,0x0000000081a50bc8,0x0000000084300000)
}
Event: 12.201 {heap After GC invocations=14 (full 2):
 PSYoungGen      total 67584K, used 14386K [0x00000000d5580000, 0x00000000da780000, 0x0000000100000000)
  eden space 51200K, 0% used [0x00000000d7580000,0x00000000d7580000,0x00000000da780000)
  from space 16384K, 87% used [0x00000000d6580000,0x00000000d738ca68,0x00000000d7580000)
  to   space 16384K, 0% used [0x00000000d5580000,0x00000000d5580000,0x00000000d6580000)
 ParOldGen       total 68608K, used 26954K [0x0000000080000000, 0x0000000084300000, 0x00000000d5580000)
  object space 68608K, 39% used [0x0000000080000000,0x0000000081a52bc8,0x0000000084300000)
}
Event: 13.878 {heap Before GC invocations=15 (full 2):
 PSYoungGen      total 67584K, used 65586K [0x00000000d5580000, 0x00000000da780000, 0x0000000100000000)
  eden space 51200K, 100% used [0x00000000d7580000,0x00000000da780000,0x00000000da780000)
  from space 16384K, 87% used [0x00000000d6580000,0x00000000d738ca68,0x00000000d7580000)
  to   space 16384K, 0% used [0x00000000d5580000,0x00000000d5580000,0x00000000d6580000)
 ParOldGen       total 68608K, used 26954K [0x0000000080000000, 0x0000000084300000, 0x00000000d5580000)
  object space 68608K, 39% used [0x0000000080000000,0x0000000081a52bc8,0x0000000084300000)
}
Event: 13.894 {heap After GC invocations=15 (full 2):
 PSYoungGen      total 68096K, used 16078K [0x00000000d5580000, 0x00000000da880000, 0x0000000100000000)
  eden space 51200K, 0% used [0x00000000d7680000,0x00000000d7680000,0x00000000da880000)
  from space 16896K, 95% used [0x00000000d5580000,0x00000000d6533b18,0x00000000d6600000)
  to   space 16896K, 0% used [0x00000000d6600000,0x00000000d6600000,0x00000000d7680000)
 ParOldGen       total 68608K, used 26962K [0x0000000080000000, 0x0000000084300000, 0x00000000d5580000)
  object space 68608K, 39% used [0x0000000080000000,0x0000000081a54bc8,0x0000000084300000)
}
Event: 13.926 {heap Before GC invocations=16 (full 3):
 PSYoungGen      total 68096K, used 17642K [0x00000000d5580000, 0x00000000da880000, 0x0000000100000000)
  eden space 51200K, 3% used [0x00000000d7680000,0x00000000d7806f18,0x00000000da880000)
  from space 16896K, 95% used [0x00000000d5580000,0x00000000d6533b18,0x00000000d6600000)
  to   space 16896K, 0% used [0x00000000d6600000,0x00000000d6600000,0x00000000d7680000)
 ParOldGen       total 68608K, used 26962K [0x0000000080000000, 0x0000000084300000, 0x00000000d5580000)
  object space 68608K, 39% used [0x0000000080000000,0x0000000081a54bc8,0x0000000084300000)
}
Event: 13.979 {heap After GC invocations=16 (full 3):
 PSYoungGen      total 68096K, used 0K [0x00000000d5580000, 0x00000000da880000, 0x0000000100000000)
  eden space 51200K, 0% used [0x00000000d7680000,0x00000000d7680000,0x00000000da880000)
  from space 16896K, 0% used [0x00000000d5580000,0x00000000d5580000,0x00000000d6600000)
  to   space 16896K, 0% used [0x00000000d6600000,0x00000000d6600000,0x00000000d7680000)
 ParOldGen       total 68608K, used 42376K [0x0000000080000000, 0x0000000084300000, 0x00000000d5580000)
  object space 68608K, 61% used [0x0000000080000000,0x0000000082962100,0x0000000084300000)
}
Event: 14.881 {heap Before GC invocations=17 (full 3):
 PSYoungGen      total 68096K, used 51200K [0x00000000d5580000, 0x00000000da880000, 0x0000000100000000)
  eden space 51200K, 100% used [0x00000000d7680000,0x00000000da880000,0x00000000da880000)
  from space 16896K, 0% used [0x00000000d5580000,0x00000000d5580000,0x00000000d6600000)
  to   space 16896K, 0% used [0x00000000d6600000,0x00000000d6600000,0x00000000d7680000)
 ParOldGen       total 68608K, used 42376K [0x0000000080000000, 0x0000000084300000, 0x00000000d5580000)
  object space 68608K, 61% used [0x0000000080000000,0x0000000082962100,0x0000000084300000)
}
Event: 14.888 {heap After GC invocations=17 (full 3):
 PSYoungGen      total 68096K, used 10644K [0x00000000d5580000, 0x00000000da880000, 0x0000000100000000)
  eden space 51200K, 0% used [0x00000000d7680000,0x00000000d7680000,0x00000000da880000)
  from space 16896K, 62% used [0x00000000d6600000,0x00000000d70651a8,0x00000000d7680000)
  to   space 16896K, 0% used [0x00000000d5580000,0x00000000d5580000,0x00000000d6600000)
 ParOldGen       total 68608K, used 42384K [0x0000000080000000, 0x0000000084300000, 0x00000000d5580000)
  object space 68608K, 61% used [0x0000000080000000,0x0000000082964100,0x0000000084300000)
}

