# JRE version: Java(TM) SE Runtime Environment (26.0.2+10) (build 26.0.2+10-55)
# Java VM: Java HotSpot(TM) 64-Bit Server VM (26.0.2+10-55, mixed mode, sharing, tiered, compressed oops, compressed class ptrs, parallel gc, windows-amd64)
GC Precious Log:
 CardTable entry size: 512
 CPUs: 8 total, 8 available
 Memory: 15647M
 Large Page Support: Disabled
 NUMA Support: Disabled
 Compressed Oops: Enabled (32-bit)
 Alignments: Space 512K, Heap 2M
 Heap Min Capacity: 100M
 Heap Initial Capacity: 100M
 Heap Max Capacity: 2G
 Pre-touch: Disabled
 Parallel Workers: 8
Heap:
 PSYoungGen      total 67072K, used 49647K [0x00000000d5580000, 0x00000000da680000, 0x0000000100000000)
  eden space 51200K, 81% used [0x00000000d7480000,0x00000000d9d0c9b0,0x00000000da680000)
  from space 15872K, 51% used [0x00000000d5580000,0x00000000d5d6f408,0x00000000d6500000)
  to   space 15872K, 0% used [0x00000000d6500000,0x00000000d6500000,0x00000000d7480000)
 ParOldGen       total 68608K, used 43945K [0x0000000080000000, 0x0000000084300000, 0x00000000d5580000)
  object space 68608K, 64% used [0x0000000080000000,0x0000000082aea4c8,0x0000000084300000)
GC Heap Usage History (20 events):
Event: 15.107 {heap Before GC invocations=9 (full 2):
 PSYoungGen      total 59904K, used 51200K [0x00000000d5580000, 0x00000000d9880000, 0x0000000100000000)
  eden space 51200K, 100% used [0x00000000d6680000,0x00000000d9880000,0x00000000d9880000)
  from space 8704K, 0% used [0x00000000d5e00000,0x00000000d5e00000,0x00000000d6680000)
  to   space 8704K, 0% used [0x00000000d5580000,0x00000000d5580000,0x00000000d5e00000)
 ParOldGen       total 68608K, used 19310K [0x0000000080000000, 0x0000000084300000, 0x00000000d5580000)
  object space 68608K, 28% used [0x0000000080000000,0x00000000812dbb30,0x0000000084300000)
}
Event: 15.115 {heap After GC invocations=9 (full 2):
 PSYoungGen      total 59904K, used 3395K [0x00000000d5580000, 0x00000000d9880000, 0x0000000100000000)
  eden space 51200K, 0% used [0x00000000d6680000,0x00000000d6680000,0x00000000d9880000)
  from space 8704K, 39% used [0x00000000d5580000,0x00000000d58d0d18,0x00000000d5e00000)
  to   space 8704K, 0% used [0x00000000d5e00000,0x00000000d5e00000,0x00000000d6680000)
 ParOldGen       total 68608K, used 19318K [0x0000000080000000, 0x0000000084300000, 0x00000000d5580000)
  object space 68608K, 28% used [0x0000000080000000,0x00000000812ddb30,0x0000000084300000)
}
Event: 17.462 {heap Before GC invocations=10 (full 2):
 PSYoungGen      total 59904K, used 54595K [0x00000000d5580000, 0x00000000d9880000, 0x0000000100000000)
  eden space 51200K, 100% used [0x00000000d6680000,0x00000000d9880000,0x00000000d9880000)
  from space 8704K, 39% used [0x00000000d5580000,0x00000000d58d0d18,0x00000000d5e00000)
  to   space 8704K, 0% used [0x00000000d5e00000,0x00000000d5e00000,0x00000000d6680000)
 ParOldGen       total 68608K, used 19318K [0x0000000080000000, 0x0000000084300000, 0x00000000d5580000)
  object space 68608K, 28% used [0x0000000080000000,0x00000000812ddb30,0x0000000084300000)
}
Event: 17.467 {heap After GC invocations=10 (full 2):
 PSYoungGen      total 59904K, used 5167K [0x00000000d5580000, 0x00000000d9880000, 0x0000000100000000)
  eden space 51200K, 0% used [0x00000000d6680000,0x00000000d6680000,0x00000000d9880000)
  from space 8704K, 59% used [0x00000000d5e00000,0x00000000d630be80,0x00000000d6680000)
  to   space 8704K, 0% used [0x00000000d5580000,0x00000000d5580000,0x00000000d5e00000)
 ParOldGen       total 68608K, used 19326K [0x0000000080000000, 0x0000000084300000, 0x00000000d5580000)
  object space 68608K, 28% used [0x0000000080000000,0x00000000812dfb30,0x0000000084300000)
}
Event: 21.151 {heap Before GC invocations=11 (full 2):
 PSYoungGen      total 59904K, used 56367K [0x00000000d5580000, 0x00000000d9880000, 0x0000000100000000)
  eden space 51200K, 100% used [0x00000000d6680000,0x00000000d9880000,0x00000000d9880000)
  from space 8704K, 59% used [0x00000000d5e00000,0x00000000d630be80,0x00000000d6680000)
  to   space 8704K, 0% used [0x00000000d5580000,0x00000000d5580000,0x00000000d5e00000)
 ParOldGen       total 68608K, used 19326K [0x0000000080000000, 0x0000000084300000, 0x00000000d5580000)
  object space 68608K, 28% used [0x0000000080000000,0x00000000812dfb30,0x0000000084300000)
}
Event: 21.159 {heap After GC invocations=11 (full 2):
 PSYoungGen      total 60416K, used 8095K [0x00000000d5580000, 0x00000000d9980000, 0x0000000100000000)
  eden space 51200K, 0% used [0x00000000d6780000,0x00000000d6780000,0x00000000d9980000)
  from space 9216K, 87% used [0x00000000d5580000,0x00000000d5d67f10,0x00000000d5e80000)
  to   space 9216K, 0% used [0x00000000d5e80000,0x00000000d5e80000,0x00000000d6780000)
 ParOldGen       total 68608K, used 19334K [0x0000000080000000, 0x0000000084300000, 0x00000000d5580000)
  object space 68608K, 28% used [0x0000000080000000,0x00000000812e1b30,0x0000000084300000)
}
Event: 23.131 {heap Before GC invocations=12 (full 2):
 PSYoungGen      total 60416K, used 59295K [0x00000000d5580000, 0x00000000d9980000, 0x0000000100000000)
  eden space 51200K, 100% used [0x00000000d6780000,0x00000000d9980000,0x00000000d9980000)
  from space 9216K, 87% used [0x00000000d5580000,0x00000000d5d67f10,0x00000000d5e80000)
  to   space 9216K, 0% used [0x00000000d5e80000,0x00000000d5e80000,0x00000000d6780000)
 ParOldGen       total 68608K, used 19334K [0x0000000080000000, 0x0000000084300000, 0x00000000d5580000)
  object space 68608K, 28% used [0x0000000080000000,0x00000000812e1b30,0x0000000084300000)
}
Event: 23.163 {heap After GC invocations=12 (full 2):
 PSYoungGen      total 60416K, used 9215K [0x00000000d5580000, 0x00000000d9980000, 0x0000000100000000)
  eden space 51200K, 0% used [0x00000000d6780000,0x00000000d6780000,0x00000000d9980000)
  from space 9216K, 99% used [0x00000000d5e80000,0x00000000d677fdf8,0x00000000d6780000)
  to   space 9216K, 0% used [0x00000000d5580000,0x00000000d5580000,0x00000000d5e80000)
 ParOldGen       total 68608K, used 26413K [0x0000000080000000, 0x0000000084300000, 0x00000000d5580000)
  object space 68608K, 38% used [0x0000000080000000,0x00000000819cb730,0x0000000084300000)
}
Event: 25.247 {heap Before GC invocations=13 (full 2):
 PSYoungGen      total 60416K, used 60400K [0x00000000d5580000, 0x00000000d9980000, 0x0000000100000000)
  eden space 51200K, 99% used [0x00000000d6780000,0x00000000d997c590,0x00000000d9980000)
  from space 9216K, 99% used [0x00000000d5e80000,0x00000000d677fdf8,0x00000000d6780000)
  to   space 9216K, 0% used [0x00000000d5580000,0x00000000d5580000,0x00000000d5e80000)
 ParOldGen       total 68608K, used 26413K [0x0000000080000000, 0x0000000084300000, 0x00000000d5580000)
  object space 68608K, 38% used [0x0000000080000000,0x00000000819cb730,0x0000000084300000)
}
Event: 25.267 {heap After GC invocations=13 (full 2):
 PSYoungGen      total 69632K, used 9207K [0x00000000d5580000, 0x00000000dab80000, 0x0000000100000000)
  eden space 51200K, 0% used [0x00000000d7980000,0x00000000d7980000,0x00000000dab80000)
  from space 18432K, 49% used [0x00000000d5580000,0x00000000d5e7dd70,0x00000000d6780000)
  to   space 18432K, 0% used [0x00000000d6780000,0x00000000d6780000,0x00000000d7980000)
 ParOldGen       total 68608K, used 33786K [0x0000000080000000, 0x0000000084300000, 0x00000000d5580000)
  object space 68608K, 49% used [0x0000000080000000,0x00000000820fe990,0x0000000084300000)
}
Event: 26.519 {heap Before GC invocations=14 (full 2):
 PSYoungGen      total 69632K, used 60407K [0x00000000d5580000, 0x00000000dab80000, 0x0000000100000000)
  eden space 51200K, 100% used [0x00000000d7980000,0x00000000dab80000,0x00000000dab80000)
  from space 18432K, 49% used [0x00000000d5580000,0x00000000d5e7dd70,0x00000000d6780000)
  to   space 18432K, 0% used [0x00000000d6780000,0x00000000d6780000,0x00000000d7980000)
 ParOldGen       total 68608K, used 33786K [0x0000000080000000, 0x0000000084300000, 0x00000000d5580000)
  object space 68608K, 49% used [0x0000000080000000,0x00000000820fe990,0x0000000084300000)
}
Event: 26.534 {heap After GC invocations=14 (full 2):
 PSYoungGen      total 69632K, used 10760K [0x00000000d5580000, 0x00000000dab80000, 0x0000000100000000)
  eden space 51200K, 0% used [0x00000000d7980000,0x00000000d7980000,0x00000000dab80000)
  from space 18432K, 58% used [0x00000000d6780000,0x00000000d7202330,0x00000000d7980000)
  to   space 18432K, 0% used [0x00000000d5580000,0x00000000d5580000,0x00000000d6780000)
 ParOldGen       total 68608K, used 33794K [0x0000000080000000, 0x0000000084300000, 0x00000000d5580000)
  object space 68608K, 49% used [0x0000000080000000,0x0000000082100990,0x0000000084300000)
}
Event: 28.199 {heap Before GC invocations=15 (full 3):
 PSYoungGen      total 69632K, used 39436K [0x00000000d5580000, 0x00000000dab80000, 0x0000000100000000)
  eden space 51200K, 56% used [0x00000000d7980000,0x00000000d9580ea8,0x00000000dab80000)
  from space 18432K, 58% used [0x00000000d6780000,0x00000000d7202330,0x00000000d7980000)
  to   space 18432K, 0% used [0x00000000d5580000,0x00000000d5580000,0x00000000d6780000)
 ParOldGen       total 68608K, used 33794K [0x0000000080000000, 0x0000000084300000, 0x00000000d5580000)
  object space 68608K, 49% used [0x0000000080000000,0x0000000082100990,0x0000000084300000)
}
Event: 28.282 {heap After GC invocations=15 (full 3):
 PSYoungGen      total 69632K, used 0K [0x00000000d5580000, 0x00000000dab80000, 0x0000000100000000)
  eden space 51200K, 0% used [0x00000000d7980000,0x00000000d7980000,0x00000000dab80000)
  from space 18432K, 0% used [0x00000000d6780000,0x00000000d6780000,0x00000000d7980000)
  to   space 18432K, 0% used [0x00000000d5580000,0x00000000d5580000,0x00000000d6780000)
 ParOldGen       total 68608K, used 43921K [0x0000000080000000, 0x0000000084300000, 0x00000000d5580000)
  object space 68608K, 64% used [0x0000000080000000,0x0000000082ae44c8,0x0000000084300000)
}
Event: 32.663 {heap Before GC invocations=16 (full 3):
 PSYoungGen      total 69632K, used 51200K [0x00000000d5580000, 0x00000000dab80000, 0x0000000100000000)
  eden space 51200K, 100% used [0x00000000d7980000,0x00000000dab80000,0x00000000dab80000)
  from space 18432K, 0% used [0x00000000d6780000,0x00000000d6780000,0x00000000d7980000)
  to   space 18432K, 0% used [0x00000000d5580000,0x00000000d5580000,0x00000000d6780000)
 ParOldGen       total 68608K, used 43921K [0x0000000080000000, 0x0000000084300000, 0x00000000d5580000)
  object space 68608K, 64% used [0x0000000080000000,0x0000000082ae44c8,0x0000000084300000)
}
Event: 32.670 {heap After GC invocations=16 (full 3):
 PSYoungGen      total 68096K, used 4736K [0x00000000d5580000, 0x00000000da880000, 0x0000000100000000)
  eden space 51200K, 0% used [0x00000000d7680000,0x00000000d7680000,0x00000000da880000)
  from space 16896K, 28% used [0x00000000d5580000,0x00000000d5a202d0,0x00000000d6600000)
  to   space 16896K, 0% used [0x00000000d6600000,0x00000000d6600000,0x00000000d7680000)
 ParOldGen       total 68608K, used 43929K [0x0000000080000000, 0x0000000084300000, 0x00000000d5580000)
  object space 68608K, 64% used [0x0000000080000000,0x0000000082ae64c8,0x0000000084300000)
}
Event: 37.214 {heap Before GC invocations=17 (full 3):
 PSYoungGen      total 68096K, used 55936K [0x00000000d5580000, 0x00000000da880000, 0x0000000100000000)
  eden space 51200K, 100% used [0x00000000d7680000,0x00000000da880000,0x00000000da880000)
  from space 16896K, 28% used [0x00000000d5580000,0x00000000d5a202d0,0x00000000d6600000)
  to   space 16896K, 0% used [0x00000000d6600000,0x00000000d6600000,0x00000000d7680000)
 ParOldGen       total 68608K, used 43929K [0x0000000080000000, 0x0000000084300000, 0x00000000d5580000)
  object space 68608K, 64% used [0x0000000080000000,0x0000000082ae64c8,0x0000000084300000)
}
Event: 37.220 {heap After GC invocations=17 (full 3):
 PSYoungGen      total 68096K, used 7317K [0x00000000d5580000, 0x00000000da880000, 0x0000000100000000)
  eden space 51200K, 0% used [0x00000000d7680000,0x00000000d7680000,0x00000000da880000)
  from space 16896K, 43% used [0x00000000d6600000,0x00000000d6d255c8,0x00000000d7680000)
  to   space 16896K, 0% used [0x00000000d5580000,0x00000000d5580000,0x00000000d6600000)
 ParOldGen       total 68608K, used 43937K [0x0000000080000000, 0x0000000084300000, 0x00000000d5580000)
  object space 68608K, 64% used [0x0000000080000000,0x0000000082ae84c8,0x0000000084300000)
}
Event: 68.359 {heap Before GC invocations=18 (full 3):
 PSYoungGen      total 68096K, used 58517K [0x00000000d5580000, 0x00000000da880000, 0x0000000100000000)
  eden space 51200K, 100% used [0x00000000d7680000,0x00000000da880000,0x00000000da880000)
  from space 16896K, 43% used [0x00000000d6600000,0x00000000d6d255c8,0x00000000d7680000)
  to   space 16896K, 0% used [0x00000000d5580000,0x00000000d5580000,0x00000000d6600000)
 ParOldGen       total 68608K, used 43937K [0x0000000080000000, 0x0000000084300000, 0x00000000d5580000)
  object space 68608K, 64% used [0x0000000080000000,0x0000000082ae84c8,0x0000000084300000)
}
Event: 68.366 {heap After GC invocations=18 (full 3):
 PSYoungGen      total 67072K, used 8125K [0x00000000d5580000, 0x00000000da680000, 0x0000000100000000)
  eden space 51200K, 0% used [0x00000000d7480000,0x00000000d7480000,0x00000000da680000)
  from space 15872K, 51% used [0x00000000d5580000,0x00000000d5d6f408,0x00000000d6500000)
  to   space 15872K, 0% used [0x00000000d6500000,0x00000000d6500000,0x00000000d7480000)
 ParOldGen       total 68608K, used 43945K [0x0000000080000000, 0x0000000084300000, 0x00000000d5580000)
  object space 68608K, 64% used [0x0000000080000000,0x0000000082aea4c8,0x0000000084300000)
}

