# JRE version: Java(TM) SE Runtime Environment (26.0.2+10) (build 26.0.2+10-55)
# Java VM: Java HotSpot(TM) 64-Bit Server VM (26.0.2+10-55, mixed mode, sharing, tiered, compressed oops, compressed class ptrs, parallel gc, windows-amd64)
GC Precious Log:
 CardTable entry size: 512
 CPUs: 8 total, 8 available
 Memory: 15647M
 Large Page Support: Disabled
 NUMA Support: Disabled
 Compressed Oops: Enabled (32-bit)
 Alignments: Space 512K, Heap 2M
 Heap Min Capacity: 100M
 Heap Initial Capacity: 100M
 Heap Max Capacity: 2G
 Pre-touch: Disabled
 Parallel Workers: 8
Heap:
 PSYoungGen      total 59904K, used 39512K [0x00000000d5580000, 0x00000000d9880000, 0x0000000100000000)
  eden space 51200K, 72% used [0x00000000d6680000,0x00000000d8af4788,0x00000000d9880000)
  from space 8704K, 25% used [0x00000000d5580000,0x00000000d57a1930,0x00000000d5e00000)
  to   space 8704K, 0% used [0x00000000d5e00000,0x00000000d5e00000,0x00000000d6680000)
 ParOldGen       total 68608K, used 20884K [0x0000000080000000, 0x0000000084300000, 0x00000000d5580000)
  object space 68608K, 30% used [0x0000000080000000,0x00000000814651e8,0x0000000084300000)
GC Heap Usage History (18 events):
Event: 3.253 {heap Before GC invocations=1 (full 0):
 PSYoungGen      total 29696K, used 25600K [0x00000000d5580000, 0x00000000d7680000, 0x0000000100000000)
  eden space 25600K, 100% used [0x00000000d5d80000,0x00000000d7680000,0x00000000d7680000)
  from space 4096K, 0% used [0x00000000d5980000,0x00000000d5980000,0x00000000d5d80000)
  to   space 4096K, 0% used [0x00000000d5580000,0x00000000d5580000,0x00000000d5980000)
 ParOldGen       total 68608K, used 1187K [0x0000000080000000, 0x0000000084300000, 0x00000000d5580000)
  object space 68608K, 1% used [0x0000000080000000,0x0000000080128eb0,0x0000000084300000)
}
Event: 3.264 {heap After GC invocations=1 (full 0):
 PSYoungGen      total 55296K, used 3008K [0x00000000d5580000, 0x00000000d8f80000, 0x0000000100000000)
  eden space 51200K, 0% used [0x00000000d5d80000,0x00000000d5d80000,0x00000000d8f80000)
  from space 4096K, 73% used [0x00000000d5580000,0x00000000d58700c8,0x00000000d5980000)
  to   space 4096K, 0% used [0x00000000d5980000,0x00000000d5980000,0x00000000d5d80000)
 ParOldGen       total 68608K, used 1195K [0x0000000080000000, 0x0000000084300000, 0x00000000d5580000)
  object space 68608K, 1% used [0x0000000080000000,0x000000008012aeb0,0x0000000084300000)
}
Event: 18.432 {heap Before GC invocations=2 (full 0):
 PSYoungGen      total 55296K, used 54208K [0x00000000d5580000, 0x00000000d8f80000, 0x0000000100000000)
  eden space 51200K, 100% used [0x00000000d5d80000,0x00000000d8f80000,0x00000000d8f80000)
  from space 4096K, 73% used [0x00000000d5580000,0x00000000d58700c8,0x00000000d5980000)
  to   space 4096K, 0% used [0x00000000d5980000,0x00000000d5980000,0x00000000d5d80000)
 ParOldGen       total 68608K, used 1195K [0x0000000080000000, 0x0000000084300000, 0x00000000d5580000)
  object space 68608K, 1% used [0x0000000080000000,0x000000008012aeb0,0x0000000084300000)
}
Event: 18.441 {heap After GC invocations=2 (full 0):
 PSYoungGen      total 55296K, used 4077K [0x00000000d5580000, 0x00000000d8f80000, 0x0000000100000000)
  eden space 51200K, 0% used [0x00000000d5d80000,0x00000000d5d80000,0x00000000d8f80000)
  from space 4096K, 99% used [0x00000000d5980000,0x00000000d5d7b7c0,0x00000000d5d80000)
  to   space 4096K, 0% used [0x00000000d5580000,0x00000000d5580000,0x00000000d5980000)
 ParOldGen       total 68608K, used 4557K [0x0000000080000000, 0x0000000084300000, 0x00000000d5580000)
  object space 68608K, 6% used [0x0000000080000000,0x00000000804734a0,0x0000000084300000)
}
Event: 28.044 {heap Before GC invocations=3 (full 0):
 PSYoungGen      total 55296K, used 55277K [0x00000000d5580000, 0x00000000d8f80000, 0x0000000100000000)
  eden space 51200K, 100% used [0x00000000d5d80000,0x00000000d8f80000,0x00000000d8f80000)
  from space 4096K, 99% used [0x00000000d5980000,0x00000000d5d7b7c0,0x00000000d5d80000)
  to   space 4096K, 0% used [0x00000000d5580000,0x00000000d5580000,0x00000000d5980000)
 ParOldGen       total 68608K, used 4557K [0x0000000080000000, 0x0000000084300000, 0x00000000d5580000)
  object space 68608K, 6% used [0x0000000080000000,0x00000000804734a0,0x0000000084300000)
}
Event: 28.053 {heap After GC invocations=3 (full 0):
 PSYoungGen      total 59904K, used 4087K [0x00000000d5580000, 0x00000000d9880000, 0x0000000100000000)
  eden space 51200K, 0% used [0x00000000d6680000,0x00000000d6680000,0x00000000d9880000)
  from space 8704K, 46% used [0x00000000d5580000,0x00000000d597de28,0x00000000d5e00000)
  to   space 8704K, 0% used [0x00000000d5e00000,0x00000000d5e00000,0x00000000d6680000)
 ParOldGen       total 68608K, used 7869K [0x0000000080000000, 0x0000000084300000, 0x00000000d5580000)
  object space 68608K, 11% used [0x0000000080000000,0x00000000807af5d8,0x0000000084300000)
}
Event: 29.447 {heap Before GC invocations=4 (full 0):
 PSYoungGen      total 59904K, used 55287K [0x00000000d5580000, 0x00000000d9880000, 0x0000000100000000)
  eden space 51200K, 100% used [0x00000000d6680000,0x00000000d9880000,0x00000000d9880000)
  from space 8704K, 46% used [0x00000000d5580000,0x00000000d597de28,0x00000000d5e00000)
  to   space 8704K, 0% used [0x00000000d5e00000,0x00000000d5e00000,0x00000000d6680000)
 ParOldGen       total 68608K, used 7869K [0x0000000080000000, 0x0000000084300000, 0x00000000d5580000)
  object space 68608K, 11% used [0x0000000080000000,0x00000000807af5d8,0x0000000084300000)
}
Event: 29.457 {heap After GC invocations=4 (full 0):
 PSYoungGen      total 59904K, used 6123K [0x00000000d5580000, 0x00000000d9880000, 0x0000000100000000)
  eden space 51200K, 0% used [0x00000000d6680000,0x00000000d6680000,0x00000000d9880000)
  from space 8704K, 70% used [0x00000000d5e00000,0x00000000d63fae40,0x00000000d6680000)
  to   space 8704K, 0% used [0x00000000d5580000,0x00000000d5580000,0x00000000d5e00000)
 ParOldGen       total 68608K, used 7877K [0x0000000080000000, 0x0000000084300000, 0x00000000d5580000)
  object space 68608K, 11% used [0x0000000080000000,0x00000000807b15d8,0x0000000084300000)
}
Event: 29.581 {heap Before GC invocations=5 (full 1):
 PSYoungGen      total 59904K, used 12587K [0x00000000d5580000, 0x00000000d9880000, 0x0000000100000000)
  eden space 51200K, 12% used [0x00000000d6680000,0x00000000d6ccfec0,0x00000000d9880000)
  from space 8704K, 70% used [0x00000000d5e00000,0x00000000d63fae40,0x00000000d6680000)
  to   space 8704K, 0% used [0x00000000d5580000,0x00000000d5580000,0x00000000d5e00000)
 ParOldGen       total 68608K, used 7877K [0x0000000080000000, 0x0000000084300000, 0x00000000d5580000)
  object space 68608K, 11% used [0x0000000080000000,0x00000000807b15d8,0x0000000084300000)
}
Event: 29.609 {heap After GC invocations=5 (full 1):
 PSYoungGen      total 59904K, used 0K [0x00000000d5580000, 0x00000000d9880000, 0x0000000100000000)
  eden space 51200K, 0% used [0x00000000d6680000,0x00000000d6680000,0x00000000d9880000)
  from space 8704K, 0% used [0x00000000d5e00000,0x00000000d5e00000,0x00000000d6680000)
  to   space 8704K, 0% used [0x00000000d5580000,0x00000000d5580000,0x00000000d5e00000)
 ParOldGen       total 68608K, used 14290K [0x0000000080000000, 0x0000000084300000, 0x00000000d5580000)
  object space 68608K, 20% used [0x0000000080000000,0x0000000080df4868,0x0000000084300000)
}
Event: 30.335 {heap Before GC invocations=6 (full 1):
 PSYoungGen      total 59904K, used 51200K [0x00000000d5580000, 0x00000000d9880000, 0x0000000100000000)
  eden space 51200K, 100% used [0x00000000d6680000,0x00000000d9880000,0x00000000d9880000)
  from space 8704K, 0% used [0x00000000d5e00000,0x00000000d5e00000,0x00000000d6680000)
  to   space 8704K, 0% used [0x00000000d5580000,0x00000000d5580000,0x00000000d5e00000)
 ParOldGen       total 68608K, used 14290K [0x0000000080000000, 0x0000000084300000, 0x00000000d5580000)
  object space 68608K, 20% used [0x0000000080000000,0x0000000080df4868,0x0000000084300000)
}
Event: 30.337 {heap After GC invocations=6 (full 1):
 PSYoungGen      total 59904K, used 2387K [0x00000000d5580000, 0x00000000d9880000, 0x0000000100000000)
  eden space 51200K, 0% used [0x00000000d6680000,0x00000000d6680000,0x00000000d9880000)
  from space 8704K, 27% used [0x00000000d5580000,0x00000000d57d4f78,0x00000000d5e00000)
  to   space 8704K, 0% used [0x00000000d5e00000,0x00000000d5e00000,0x00000000d6680000)
 ParOldGen       total 68608K, used 14298K [0x0000000080000000, 0x0000000084300000, 0x00000000d5580000)
  object space 68608K, 20% used [0x0000000080000000,0x0000000080df6868,0x0000000084300000)
}
Event: 31.169 {heap Before GC invocations=7 (full 1):
 PSYoungGen      total 59904K, used 53587K [0x00000000d5580000, 0x00000000d9880000, 0x0000000100000000)
  eden space 51200K, 100% used [0x00000000d6680000,0x00000000d9880000,0x00000000d9880000)
  from space 8704K, 27% used [0x00000000d5580000,0x00000000d57d4f78,0x00000000d5e00000)
  to   space 8704K, 0% used [0x00000000d5e00000,0x00000000d5e00000,0x00000000d6680000)
 ParOldGen       total 68608K, used 14298K [0x0000000080000000, 0x0000000084300000, 0x00000000d5580000)
  object space 68608K, 20% used [0x0000000080000000,0x0000000080df6868,0x0000000084300000)
}
Event: 31.175 {heap After GC invocations=7 (full 1):
 PSYoungGen      total 59904K, used 4836K [0x00000000d5580000, 0x00000000d9880000, 0x0000000100000000)
  eden space 51200K, 0% used [0x00000000d6680000,0x00000000d6680000,0x00000000d9880000)
  from space 8704K, 55% used [0x00000000d5e00000,0x00000000d62b9108,0x00000000d6680000)
  to   space 8704K, 0% used [0x00000000d5580000,0x00000000d5580000,0x00000000d5e00000)
 ParOldGen       total 68608K, used 14306K [0x0000000080000000, 0x0000000084300000, 0x00000000d5580000)
  object space 68608K, 20% used [0x0000000080000000,0x0000000080df8868,0x0000000084300000)
}
Event: 31.440 {heap Before GC invocations=8 (full 2):
 PSYoungGen      total 59904K, used 35149K [0x00000000d5580000, 0x00000000d9880000, 0x0000000100000000)
  eden space 51200K, 59% used [0x00000000d6680000,0x00000000d841a518,0x00000000d9880000)
  from space 8704K, 55% used [0x00000000d5e00000,0x00000000d62b9108,0x00000000d6680000)
  to   space 8704K, 0% used [0x00000000d5580000,0x00000000d5580000,0x00000000d5e00000)
 ParOldGen       total 68608K, used 14306K [0x0000000080000000, 0x0000000084300000, 0x00000000d5580000)
  object space 68608K, 20% used [0x0000000080000000,0x0000000080df8868,0x0000000084300000)
}
Event: 31.473 {heap After GC invocations=8 (full 2):
 PSYoungGen      total 59904K, used 0K [0x00000000d5580000, 0x00000000d9880000, 0x0000000100000000)
  eden space 51200K, 0% used [0x00000000d6680000,0x00000000d6680000,0x00000000d9880000)
  from space 8704K, 0% used [0x00000000d5e00000,0x00000000d5e00000,0x00000000d6680000)
  to   space 8704K, 0% used [0x00000000d5580000,0x00000000d5580000,0x00000000d5e00000)
 ParOldGen       total 68608K, used 20876K [0x0000000080000000, 0x0000000084300000, 0x00000000d5580000)
  object space 68608K, 30% used [0x0000000080000000,0x00000000814631e8,0x0000000084300000)
}
Event: 32.429 {heap Before GC invocations=9 (full 2):
 PSYoungGen      total 59904K, used 51200K [0x00000000d5580000, 0x00000000d9880000, 0x0000000100000000)
  eden space 51200K, 100% used [0x00000000d6680000,0x00000000d9880000,0x00000000d9880000)
  from space 8704K, 0% used [0x00000000d5e00000,0x00000000d5e00000,0x00000000d6680000)
  to   space 8704K, 0% used [0x00000000d5580000,0x00000000d5580000,0x00000000d5e00000)
 ParOldGen       total 68608K, used 20876K [0x0000000080000000, 0x0000000084300000, 0x00000000d5580000)
  object space 68608K, 30% used [0x0000000080000000,0x00000000814631e8,0x0000000084300000)
}
Event: 32.431 {heap After GC invocations=9 (full 2):
 PSYoungGen      total 59904K, used 2182K [0x00000000d5580000, 0x00000000d9880000, 0x0000000100000000)
  eden space 51200K, 0% used [0x00000000d6680000,0x00000000d6680000,0x00000000d9880000)
  from space 8704K, 25% used [0x00000000d5580000,0x00000000d57a1930,0x00000000d5e00000)
  to   space 8704K, 0% used [0x00000000d5e00000,0x00000000d5e00000,0x00000000d6680000)
 ParOldGen       total 68608K, used 20884K [0x0000000080000000, 0x0000000084300000, 0x00000000d5580000)
  object space 68608K, 30% used [0x0000000080000000,0x00000000814651e8,0x0000000084300000)
}

